Abflug
Anflug
Bergbahnen
Flugverbotszone
Gefahrengebiete
Hindernisse Bahnen
Hindernisse Bruecken
Hindernisse Flyland
Hindernisse Kabel
Hindernisse Strom
Hindernisse Telefon
Landeplaetze
Luftraum AWY
Luftraum CTA
Luftraum CTR
Luftraum DANGER
Luftraum FIR
Luftraum FIZ
Luftraum Flugfeld
Luftraum Heliport
Luftraum RESTRICTED
Luftraum Sonderregelung CTR
Luftraum Sonderregelung DANGER
Luftraum Sonderregelung Flugfeld
Luftraum Sonderregelung Heliport
Luftraum Sonderregelung RESTRICTED
Luftraum Sonderregelung TMA
Luftraum TMA
Luftraum TSA
Parkplaetze
Startplaetze
Wettercams
Wildschutzzonen
